The system is: Linux - 2.6.35-ARCH - i686
Compiling the C compiler identification source file "CMakeCCompilerId.c" succeeded.
Compiler: /usr/bin/gcc 
Build flags: 
Id flags: 

The output was:
0


Compilation of the C compiler identification source "CMakeCCompilerId.c" produced "a.out"

The C compiler identification is GNU, found in "/mnt/data/code/iet/git/iet/physics/project/demo/bin/unix/CMakeFiles/CompilerIdC/a.out"

Compiling the CXX compiler identification source file "CMakeCXXCompilerId.cpp" succeeded.
Compiler: /usr/bin/c++ 
Build flags: 
Id flags: 

The output was:
0
CMakeCXXCompilerId.cpp:79:58: warning: deprecated conversion from string constant to ‘char*’
CMakeCXXCompilerId.cpp:192:58: warning: deprecated conversion from string constant to ‘char*’
CMakeCXXCompilerId.cpp:193:54: warning: deprecated conversion from string constant to ‘char*’


Compilation of the CXX compiler identification source "CMakeCXXCompilerId.cpp" produced "a.out"

The CXX compiler identification is GNU, found in "/mnt/data/code/iet/git/iet/physics/project/demo/bin/unix/CMakeFiles/CompilerIdCXX/a.out"

Determining if the C compiler works passed with the following output:
Change Dir: /mnt/data/code/iet/git/iet/physics/project/demo/bin/unix/CMakeFiles/CMakeTmp

Run Build Command:/usr/bin/make "cmTryCompileExec/fast"
/usr/bin/make -f CMakeFiles/cmTryCompileExec.dir/build.make CMakeFiles/cmTryCompileExec.dir/build
make[1]: Entering directory `/mnt/data/code/iet/git/iet/physics/project/demo/bin/unix/CMakeFiles/CMakeTmp'
/usr/bin/cmake -E cmake_progress_report /mnt/data/code/iet/git/iet/physics/project/demo/bin/unix/CMakeFiles/CMakeTmp/CMakeFiles 1
Building C object CMakeFiles/cmTryCompileExec.dir/testCCompiler.c.o
/usr/bin/gcc    -o CMakeFiles/cmTryCompileExec.dir/testCCompiler.c.o   -c /mnt/data/code/iet/git/iet/physics/project/demo/bin/unix/CMakeFiles/CMakeTmp/testCCompiler.c
Linking C executable cmTryCompileExec
/usr/bin/cmake -E cmake_link_script CMakeFiles/cmTryCompileExec.dir/link.txt --verbose=1
/usr/bin/gcc        CMakeFiles/cmTryCompileExec.dir/testCCompiler.c.o  -o cmTryCompileExec -rdynamic 
make[1]: Leaving directory `/mnt/data/code/iet/git/iet/physics/project/demo/bin/unix/CMakeFiles/CMakeTmp'


Detecting C compiler ABI info compiled with the following output:
Change Dir: /mnt/data/code/iet/git/iet/physics/project/demo/bin/unix/CMakeFiles/CMakeTmp

Run Build Command:/usr/bin/make "cmTryCompileExec/fast"
/usr/bin/make -f CMakeFiles/cmTryCompileExec.dir/build.make CMakeFiles/cmTryCompileExec.dir/build
make[1]: Entering directory `/mnt/data/code/iet/git/iet/physics/project/demo/bin/unix/CMakeFiles/CMakeTmp'
/usr/bin/cmake -E cmake_progress_report /mnt/data/code/iet/git/iet/physics/project/demo/bin/unix/CMakeFiles/CMakeTmp/CMakeFiles 1
Building C object CMakeFiles/cmTryCompileExec.dir/CMakeCCompilerABI.c.o
/usr/bin/gcc    -o CMakeFiles/cmTryCompileExec.dir/CMakeCCompilerABI.c.o   -c /usr/share/cmake-2.8/Modules/CMakeCCompilerABI.c
Linking C executable cmTryCompileExec
/usr/bin/cmake -E cmake_link_script CMakeFiles/cmTryCompileExec.dir/link.txt --verbose=1
/usr/bin/gcc       -v CMakeFiles/cmTryCompileExec.dir/CMakeCCompilerABI.c.o  -o cmTryCompileExec -rdynamic  
Using built-in specs.
COLLECT_GCC=/usr/bin/gcc
COLLECT_LTO_WRAPPER=/usr/lib/gcc/i686-pc-linux-gnu/4.5.1/lto-wrapper
Target: i686-pc-linux-gnu
Configured with: ../configure --prefix=/usr --enable-languages=c,c++,fortran,objc,obj-c++,ada --enable-shared --enable-threads=posix --enable-__cxa_atexit --enable-clocale=gnu --enable-gnu-unique-object --enable-lto --enable-plugin --disable-multilib --disable-libstdcxx-pch --with-system-zlib --with-ppl --with-cloog --libdir=/usr/lib --libexecdir=/usr/lib --mandir=/usr/share/man --infodir=/usr/share/info
Thread model: posix
gcc version 4.5.1 (GCC) 
COMPILER_PATH=/usr/lib/gcc/i686-pc-linux-gnu/4.5.1/:/usr/lib/gcc/i686-pc-linux-gnu/4.5.1/:/usr/lib/gcc/i686-pc-linux-gnu/:/usr/lib/gcc/i686-pc-linux-gnu/4.5.1/:/usr/lib/gcc/i686-pc-linux-gnu/
LIBRARY_PATH=/usr/lib/gcc/i686-pc-linux-gnu/4.5.1/:/usr/lib/gcc/i686-pc-linux-gnu/4.5.1/../../../:/lib/:/usr/lib/
COLLECT_GCC_OPTIONS='-v' '-o' 'cmTryCompileExec' '-rdynamic' '-mtune=generic' '-march=pentiumpro'
 /usr/lib/gcc/i686-pc-linux-gnu/4.5.1/collect2 --eh-frame-hdr -m elf_i386 --hash-style=both -export-dynamic -dynamic-linker /lib/ld-linux.so.2 -o cmTryCompileExec /usr/lib/gcc/i686-pc-linux-gnu/4.5.1/../../../crt1.o /usr/lib/gcc/i686-pc-linux-gnu/4.5.1/../../../crti.o /usr/lib/gcc/i686-pc-linux-gnu/4.5.1/crtbegin.o -L/usr/lib/gcc/i686-pc-linux-gnu/4.5.1 -L/usr/lib/gcc/i686-pc-linux-gnu/4.5.1/../../.. CMakeFiles/cmTryCompileExec.dir/CMakeCCompilerABI.c.o -lgcc --as-needed -lgcc_s --no-as-needed -lc -lgcc --as-needed -lgcc_s --no-as-needed /usr/lib/gcc/i686-pc-linux-gnu/4.5.1/crtend.o /usr/lib/gcc/i686-pc-linux-gnu/4.5.1/../../../crtn.o
make[1]: Leaving directory `/mnt/data/code/iet/git/iet/physics/project/demo/bin/unix/CMakeFiles/CMakeTmp'


Parsed C implicit link information from above output:
  link line regex: [^( *|.*[/\])(ld|ld|collect2)[^/\]*( |$)]
  ignore line: [Change Dir: /mnt/data/code/iet/git/iet/physics/project/demo/bin/unix/CMakeFiles/CMakeTmp]
  ignore line: []
  ignore line: [Run Build Command:/usr/bin/make "cmTryCompileExec/fast"]
  ignore line: [/usr/bin/make -f CMakeFiles/cmTryCompileExec.dir/build.make CMakeFiles/cmTryCompileExec.dir/build]
  ignore line: [make[1]: Entering directory `/mnt/data/code/iet/git/iet/physics/project/demo/bin/unix/CMakeFiles/CMakeTmp']
  ignore line: [/usr/bin/cmake -E cmake_progress_report /mnt/data/code/iet/git/iet/physics/project/demo/bin/unix/CMakeFiles/CMakeTmp/CMakeFiles 1]
  ignore line: [Building C object CMakeFiles/cmTryCompileExec.dir/CMakeCCompilerABI.c.o]
  ignore line: [/usr/bin/gcc    -o CMakeFiles/cmTryCompileExec.dir/CMakeCCompilerABI.c.o   -c /usr/share/cmake-2.8/Modules/CMakeCCompilerABI.c]
  ignore line: [Linking C executable cmTryCompileExec]
  ignore line: [/usr/bin/cmake -E cmake_link_script CMakeFiles/cmTryCompileExec.dir/link.txt --verbose=1]
  ignore line: [/usr/bin/gcc       -v CMakeFiles/cmTryCompileExec.dir/CMakeCCompilerABI.c.o  -o cmTryCompileExec -rdynamic  ]
  ignore line: [Using built-in specs.]
  ignore line: [COLLECT_GCC=/usr/bin/gcc]
  ignore line: [COLLECT_LTO_WRAPPER=/usr/lib/gcc/i686-pc-linux-gnu/4.5.1/lto-wrapper]
  ignore line: [Target: i686-pc-linux-gnu]
  ignore line: [Configured with: ../configure --prefix=/usr --enable-languages=c,c++,fortran,objc,obj-c++,ada --enable-shared --enable-threads=posix --enable-__cxa_atexit --enable-clocale=gnu --enable-gnu-unique-object --enable-lto --enable-plugin --disable-multilib --disable-libstdcxx-pch --with-system-zlib --with-ppl --with-cloog --libdir=/usr/lib --libexecdir=/usr/lib --mandir=/usr/share/man --infodir=/usr/share/info]
  ignore line: [Thread model: posix]
  ignore line: [gcc version 4.5.1 (GCC) ]
  ignore line: [COMPILER_PATH=/usr/lib/gcc/i686-pc-linux-gnu/4.5.1/:/usr/lib/gcc/i686-pc-linux-gnu/4.5.1/:/usr/lib/gcc/i686-pc-linux-gnu/:/usr/lib/gcc/i686-pc-linux-gnu/4.5.1/:/usr/lib/gcc/i686-pc-linux-gnu/]
  ignore line: [LIBRARY_PATH=/usr/lib/gcc/i686-pc-linux-gnu/4.5.1/:/usr/lib/gcc/i686-pc-linux-gnu/4.5.1/../../../:/lib/:/usr/lib/]
  ignore line: [COLLECT_GCC_OPTIONS='-v' '-o' 'cmTryCompileExec' '-rdynamic' '-mtune=generic' '-march=pentiumpro']
  link line: [ /usr/lib/gcc/i686-pc-linux-gnu/4.5.1/collect2 --eh-frame-hdr -m elf_i386 --hash-style=both -export-dynamic -dynamic-linker /lib/ld-linux.so.2 -o cmTryCompileExec /usr/lib/gcc/i686-pc-linux-gnu/4.5.1/../../../crt1.o /usr/lib/gcc/i686-pc-linux-gnu/4.5.1/../../../crti.o /usr/lib/gcc/i686-pc-linux-gnu/4.5.1/crtbegin.o -L/usr/lib/gcc/i686-pc-linux-gnu/4.5.1 -L/usr/lib/gcc/i686-pc-linux-gnu/4.5.1/../../.. CMakeFiles/cmTryCompileExec.dir/CMakeCCompilerABI.c.o -lgcc --as-needed -lgcc_s --no-as-needed -lc -lgcc --as-needed -lgcc_s --no-as-needed /usr/lib/gcc/i686-pc-linux-gnu/4.5.1/crtend.o /usr/lib/gcc/i686-pc-linux-gnu/4.5.1/../../../crtn.o]
    arg [/usr/lib/gcc/i686-pc-linux-gnu/4.5.1/collect2] ==> ignore
    arg [--eh-frame-hdr] ==> ignore
    arg [-m] ==> ignore
    arg [elf_i386] ==> ignore
    arg [--hash-style=both] ==> ignore
    arg [-export-dynamic] ==> ignore
    arg [-dynamic-linker] ==> ignore
    arg [/lib/ld-linux.so.2] ==> ignore
    arg [-o] ==> ignore
    arg [cmTryCompileExec] ==> ignore
    arg [/usr/lib/gcc/i686-pc-linux-gnu/4.5.1/../../../crt1.o] ==> ignore
    arg [/usr/lib/gcc/i686-pc-linux-gnu/4.5.1/../../../crti.o] ==> ignore
    arg [/usr/lib/gcc/i686-pc-linux-gnu/4.5.1/crtbegin.o] ==> ignore
    arg [-L/usr/lib/gcc/i686-pc-linux-gnu/4.5.1] ==> dir [/usr/lib/gcc/i686-pc-linux-gnu/4.5.1]
    arg [-L/usr/lib/gcc/i686-pc-linux-gnu/4.5.1/../../..] ==> dir [/usr/lib/gcc/i686-pc-linux-gnu/4.5.1/../../..]
    arg [CMakeFiles/cmTryCompileExec.dir/CMakeCCompilerABI.c.o] ==> ignore
    arg [-lgcc] ==> lib [gcc]
    arg [--as-needed] ==> ignore
    arg [-lgcc_s] ==> lib [gcc_s]
    arg [--no-as-needed] ==> ignore
    arg [-lc] ==> lib [c]
    arg [-lgcc] ==> lib [gcc]
    arg [--as-needed] ==> ignore
    arg [-lgcc_s] ==> lib [gcc_s]
    arg [--no-as-needed] ==> ignore
    arg [/usr/lib/gcc/i686-pc-linux-gnu/4.5.1/crtend.o] ==> ignore
    arg [/usr/lib/gcc/i686-pc-linux-gnu/4.5.1/../../../crtn.o] ==> ignore
  remove lib [gcc]
  remove lib [gcc_s]
  remove lib [gcc]
  remove lib [gcc_s]
  collapse dir [/usr/lib/gcc/i686-pc-linux-gnu/4.5.1] ==> [/usr/lib/gcc/i686-pc-linux-gnu/4.5.1]
  collapse dir [/usr/lib/gcc/i686-pc-linux-gnu/4.5.1/../../..] ==> [/usr/lib]
  implicit libs: [c]
  implicit dirs: [/usr/lib/gcc/i686-pc-linux-gnu/4.5.1;/usr/lib]


Determining if the CXX compiler works passed with the following output:
Change Dir: /mnt/data/code/iet/git/iet/physics/project/demo/bin/unix/CMakeFiles/CMakeTmp

Run Build Command:/usr/bin/make "cmTryCompileExec/fast"
/usr/bin/make -f CMakeFiles/cmTryCompileExec.dir/build.make CMakeFiles/cmTryCompileExec.dir/build
make[1]: Entering directory `/mnt/data/code/iet/git/iet/physics/project/demo/bin/unix/CMakeFiles/CMakeTmp'
/usr/bin/cmake -E cmake_progress_report /mnt/data/code/iet/git/iet/physics/project/demo/bin/unix/CMakeFiles/CMakeTmp/CMakeFiles 1
Building CXX object CMakeFiles/cmTryCompileExec.dir/testCXXCompiler.cxx.o
/usr/bin/c++     -o CMakeFiles/cmTryCompileExec.dir/testCXXCompiler.cxx.o -c /mnt/data/code/iet/git/iet/physics/project/demo/bin/unix/CMakeFiles/CMakeTmp/testCXXCompiler.cxx
Linking CXX executable cmTryCompileExec
/usr/bin/cmake -E cmake_link_script CMakeFiles/cmTryCompileExec.dir/link.txt --verbose=1
/usr/bin/c++         CMakeFiles/cmTryCompileExec.dir/testCXXCompiler.cxx.o  -o cmTryCompileExec -rdynamic 
make[1]: Leaving directory `/mnt/data/code/iet/git/iet/physics/project/demo/bin/unix/CMakeFiles/CMakeTmp'


Detecting CXX compiler ABI info compiled with the following output:
Change Dir: /mnt/data/code/iet/git/iet/physics/project/demo/bin/unix/CMakeFiles/CMakeTmp

Run Build Command:/usr/bin/make "cmTryCompileExec/fast"
/usr/bin/make -f CMakeFiles/cmTryCompileExec.dir/build.make CMakeFiles/cmTryCompileExec.dir/build
make[1]: Entering directory `/mnt/data/code/iet/git/iet/physics/project/demo/bin/unix/CMakeFiles/CMakeTmp'
/usr/bin/cmake -E cmake_progress_report /mnt/data/code/iet/git/iet/physics/project/demo/bin/unix/CMakeFiles/CMakeTmp/CMakeFiles 1
Building CXX object CMakeFiles/cmTryCompileExec.dir/CMakeCXXCompilerABI.cpp.o
/usr/bin/c++     -o CMakeFiles/cmTryCompileExec.dir/CMakeCXXCompilerABI.cpp.o -c /usr/share/cmake-2.8/Modules/CMakeCXXCompilerABI.cpp
Linking CXX executable cmTryCompileExec
/usr/bin/cmake -E cmake_link_script CMakeFiles/cmTryCompileExec.dir/link.txt --verbose=1
/usr/bin/c++        -v CMakeFiles/cmTryCompileExec.dir/CMakeCXXCompilerABI.cpp.o  -o cmTryCompileExec -rdynamic  
Using built-in specs.
COLLECT_GCC=/usr/bin/c++
COLLECT_LTO_WRAPPER=/usr/lib/gcc/i686-pc-linux-gnu/4.5.1/lto-wrapper
Target: i686-pc-linux-gnu
Configured with: ../configure --prefix=/usr --enable-languages=c,c++,fortran,objc,obj-c++,ada --enable-shared --enable-threads=posix --enable-__cxa_atexit --enable-clocale=gnu --enable-gnu-unique-object --enable-lto --enable-plugin --disable-multilib --disable-libstdcxx-pch --with-system-zlib --with-ppl --with-cloog --libdir=/usr/lib --libexecdir=/usr/lib --mandir=/usr/share/man --infodir=/usr/share/info
Thread model: posix
gcc version 4.5.1 (GCC) 
COMPILER_PATH=/usr/lib/gcc/i686-pc-linux-gnu/4.5.1/:/usr/lib/gcc/i686-pc-linux-gnu/4.5.1/:/usr/lib/gcc/i686-pc-linux-gnu/:/usr/lib/gcc/i686-pc-linux-gnu/4.5.1/:/usr/lib/gcc/i686-pc-linux-gnu/
LIBRARY_PATH=/usr/lib/gcc/i686-pc-linux-gnu/4.5.1/:/usr/lib/gcc/i686-pc-linux-gnu/4.5.1/../../../:/lib/:/usr/lib/
COLLECT_GCC_OPTIONS='-v' '-o' 'cmTryCompileExec' '-rdynamic' '-shared-libgcc' '-mtune=generic' '-march=pentiumpro'
 /usr/lib/gcc/i686-pc-linux-gnu/4.5.1/collect2 --eh-frame-hdr -m elf_i386 --hash-style=both -export-dynamic -dynamic-linker /lib/ld-linux.so.2 -o cmTryCompileExec /usr/lib/gcc/i686-pc-linux-gnu/4.5.1/../../../crt1.o /usr/lib/gcc/i686-pc-linux-gnu/4.5.1/../../../crti.o /usr/lib/gcc/i686-pc-linux-gnu/4.5.1/crtbegin.o -L/usr/lib/gcc/i686-pc-linux-gnu/4.5.1 -L/usr/lib/gcc/i686-pc-linux-gnu/4.5.1/../../.. CMakeFiles/cmTryCompileExec.dir/CMakeCXXCompilerABI.cpp.o -lstdc++ -lm -lgcc_s -lgcc -lc -lgcc_s -lgcc /usr/lib/gcc/i686-pc-linux-gnu/4.5.1/crtend.o /usr/lib/gcc/i686-pc-linux-gnu/4.5.1/../../../crtn.o
make[1]: Leaving directory `/mnt/data/code/iet/git/iet/physics/project/demo/bin/unix/CMakeFiles/CMakeTmp'


Parsed CXX implicit link information from above output:
  link line regex: [^( *|.*[/\])(ld|ld|collect2)[^/\]*( |$)]
  ignore line: [Change Dir: /mnt/data/code/iet/git/iet/physics/project/demo/bin/unix/CMakeFiles/CMakeTmp]
  ignore line: []
  ignore line: [Run Build Command:/usr/bin/make "cmTryCompileExec/fast"]
  ignore line: [/usr/bin/make -f CMakeFiles/cmTryCompileExec.dir/build.make CMakeFiles/cmTryCompileExec.dir/build]
  ignore line: [make[1]: Entering directory `/mnt/data/code/iet/git/iet/physics/project/demo/bin/unix/CMakeFiles/CMakeTmp']
  ignore line: [/usr/bin/cmake -E cmake_progress_report /mnt/data/code/iet/git/iet/physics/project/demo/bin/unix/CMakeFiles/CMakeTmp/CMakeFiles 1]
  ignore line: [Building CXX object CMakeFiles/cmTryCompileExec.dir/CMakeCXXCompilerABI.cpp.o]
  ignore line: [/usr/bin/c++     -o CMakeFiles/cmTryCompileExec.dir/CMakeCXXCompilerABI.cpp.o -c /usr/share/cmake-2.8/Modules/CMakeCXXCompilerABI.cpp]
  ignore line: [Linking CXX executable cmTryCompileExec]
  ignore line: [/usr/bin/cmake -E cmake_link_script CMakeFiles/cmTryCompileExec.dir/link.txt --verbose=1]
  ignore line: [/usr/bin/c++        -v CMakeFiles/cmTryCompileExec.dir/CMakeCXXCompilerABI.cpp.o  -o cmTryCompileExec -rdynamic  ]
  ignore line: [Using built-in specs.]
  ignore line: [COLLECT_GCC=/usr/bin/c++]
  ignore line: [COLLECT_LTO_WRAPPER=/usr/lib/gcc/i686-pc-linux-gnu/4.5.1/lto-wrapper]
  ignore line: [Target: i686-pc-linux-gnu]
  ignore line: [Configured with: ../configure --prefix=/usr --enable-languages=c,c++,fortran,objc,obj-c++,ada --enable-shared --enable-threads=posix --enable-__cxa_atexit --enable-clocale=gnu --enable-gnu-unique-object --enable-lto --enable-plugin --disable-multilib --disable-libstdcxx-pch --with-system-zlib --with-ppl --with-cloog --libdir=/usr/lib --libexecdir=/usr/lib --mandir=/usr/share/man --infodir=/usr/share/info]
  ignore line: [Thread model: posix]
  ignore line: [gcc version 4.5.1 (GCC) ]
  ignore line: [COMPILER_PATH=/usr/lib/gcc/i686-pc-linux-gnu/4.5.1/:/usr/lib/gcc/i686-pc-linux-gnu/4.5.1/:/usr/lib/gcc/i686-pc-linux-gnu/:/usr/lib/gcc/i686-pc-linux-gnu/4.5.1/:/usr/lib/gcc/i686-pc-linux-gnu/]
  ignore line: [LIBRARY_PATH=/usr/lib/gcc/i686-pc-linux-gnu/4.5.1/:/usr/lib/gcc/i686-pc-linux-gnu/4.5.1/../../../:/lib/:/usr/lib/]
  ignore line: [COLLECT_GCC_OPTIONS='-v' '-o' 'cmTryCompileExec' '-rdynamic' '-shared-libgcc' '-mtune=generic' '-march=pentiumpro']
  link line: [ /usr/lib/gcc/i686-pc-linux-gnu/4.5.1/collect2 --eh-frame-hdr -m elf_i386 --hash-style=both -export-dynamic -dynamic-linker /lib/ld-linux.so.2 -o cmTryCompileExec /usr/lib/gcc/i686-pc-linux-gnu/4.5.1/../../../crt1.o /usr/lib/gcc/i686-pc-linux-gnu/4.5.1/../../../crti.o /usr/lib/gcc/i686-pc-linux-gnu/4.5.1/crtbegin.o -L/usr/lib/gcc/i686-pc-linux-gnu/4.5.1 -L/usr/lib/gcc/i686-pc-linux-gnu/4.5.1/../../.. CMakeFiles/cmTryCompileExec.dir/CMakeCXXCompilerABI.cpp.o -lstdc++ -lm -lgcc_s -lgcc -lc -lgcc_s -lgcc /usr/lib/gcc/i686-pc-linux-gnu/4.5.1/crtend.o /usr/lib/gcc/i686-pc-linux-gnu/4.5.1/../../../crtn.o]
    arg [/usr/lib/gcc/i686-pc-linux-gnu/4.5.1/collect2] ==> ignore
    arg [--eh-frame-hdr] ==> ignore
    arg [-m] ==> ignore
    arg [elf_i386] ==> ignore
    arg [--hash-style=both] ==> ignore
    arg [-export-dynamic] ==> ignore
    arg [-dynamic-linker] ==> ignore
    arg [/lib/ld-linux.so.2] ==> ignore
    arg [-o] ==> ignore
    arg [cmTryCompileExec] ==> ignore
    arg [/usr/lib/gcc/i686-pc-linux-gnu/4.5.1/../../../crt1.o] ==> ignore
    arg [/usr/lib/gcc/i686-pc-linux-gnu/4.5.1/../../../crti.o] ==> ignore
    arg [/usr/lib/gcc/i686-pc-linux-gnu/4.5.1/crtbegin.o] ==> ignore
    arg [-L/usr/lib/gcc/i686-pc-linux-gnu/4.5.1] ==> dir [/usr/lib/gcc/i686-pc-linux-gnu/4.5.1]
    arg [-L/usr/lib/gcc/i686-pc-linux-gnu/4.5.1/../../..] ==> dir [/usr/lib/gcc/i686-pc-linux-gnu/4.5.1/../../..]
    arg [CMakeFiles/cmTryCompileExec.dir/CMakeCXXCompilerABI.cpp.o] ==> ignore
    arg [-lstdc++] ==> lib [stdc++]
    arg [-lm] ==> lib [m]
    arg [-lgcc_s] ==> lib [gcc_s]
    arg [-lgcc] ==> lib [gcc]
    arg [-lc] ==> lib [c]
    arg [-lgcc_s] ==> lib [gcc_s]
    arg [-lgcc] ==> lib [gcc]
    arg [/usr/lib/gcc/i686-pc-linux-gnu/4.5.1/crtend.o] ==> ignore
    arg [/usr/lib/gcc/i686-pc-linux-gnu/4.5.1/../../../crtn.o] ==> ignore
  remove lib [gcc_s]
  remove lib [gcc]
  remove lib [gcc_s]
  remove lib [gcc]
  collapse dir [/usr/lib/gcc/i686-pc-linux-gnu/4.5.1] ==> [/usr/lib/gcc/i686-pc-linux-gnu/4.5.1]
  collapse dir [/usr/lib/gcc/i686-pc-linux-gnu/4.5.1/../../..] ==> [/usr/lib]
  implicit libs: [stdc++;m;c]
  implicit dirs: [/usr/lib/gcc/i686-pc-linux-gnu/4.5.1;/usr/lib]


Determining if files pthread.h exist passed with the following output:
Change Dir: /mnt/data/code/iet/git/iet/physics/project/demo/bin/unix/CMakeFiles/CMakeTmp

Run Build Command:/usr/bin/make "cmTryCompileExec/fast"
/usr/bin/make -f CMakeFiles/cmTryCompileExec.dir/build.make CMakeFiles/cmTryCompileExec.dir/build
make[1]: Entering directory `/mnt/data/code/iet/git/iet/physics/project/demo/bin/unix/CMakeFiles/CMakeTmp'
/usr/bin/cmake -E cmake_progress_report /mnt/data/code/iet/git/iet/physics/project/demo/bin/unix/CMakeFiles/CMakeTmp/CMakeFiles 1
Building C object CMakeFiles/cmTryCompileExec.dir/CheckIncludeFiles.c.o
/usr/bin/gcc    -o CMakeFiles/cmTryCompileExec.dir/CheckIncludeFiles.c.o   -c /mnt/data/code/iet/git/iet/physics/project/demo/bin/unix/CMakeFiles/CMakeTmp/CheckIncludeFiles.c
Linking C executable cmTryCompileExec
/usr/bin/cmake -E cmake_link_script CMakeFiles/cmTryCompileExec.dir/link.txt --verbose=1
/usr/bin/gcc        CMakeFiles/cmTryCompileExec.dir/CheckIncludeFiles.c.o  -o cmTryCompileExec -rdynamic 
make[1]: Leaving directory `/mnt/data/code/iet/git/iet/physics/project/demo/bin/unix/CMakeFiles/CMakeTmp'


Determining if the function pthread_create exists in the pthread passed with the following output:
Change Dir: /mnt/data/code/iet/git/iet/physics/project/demo/bin/unix/CMakeFiles/CMakeTmp

Run Build Command:/usr/bin/make "cmTryCompileExec/fast"
/usr/bin/make -f CMakeFiles/cmTryCompileExec.dir/build.make CMakeFiles/cmTryCompileExec.dir/build
make[1]: Entering directory `/mnt/data/code/iet/git/iet/physics/project/demo/bin/unix/CMakeFiles/CMakeTmp'
/usr/bin/cmake -E cmake_progress_report /mnt/data/code/iet/git/iet/physics/project/demo/bin/unix/CMakeFiles/CMakeTmp/CMakeFiles 1
Building C object CMakeFiles/cmTryCompileExec.dir/CheckFunctionExists.c.o
/usr/bin/gcc   -DCHECK_FUNCTION_EXISTS=pthread_create   -o CMakeFiles/cmTryCompileExec.dir/CheckFunctionExists.c.o   -c /usr/share/cmake-2.8/Modules/CheckFunctionExists.c
Linking C executable cmTryCompileExec
/usr/bin/cmake -E cmake_link_script CMakeFiles/cmTryCompileExec.dir/link.txt --verbose=1
/usr/bin/gcc     -DCHECK_FUNCTION_EXISTS=pthread_create   CMakeFiles/cmTryCompileExec.dir/CheckFunctionExists.c.o  -o cmTryCompileExec -rdynamic -lpthread 
make[1]: Leaving directory `/mnt/data/code/iet/git/iet/physics/project/demo/bin/unix/CMakeFiles/CMakeTmp'


Determining if the function XOpenDisplay exists in the /usr/lib/libX11.so;/usr/lib/libXext.so passed with the following output:
Change Dir: /mnt/data/code/iet/git/iet/physics/project/demo/bin/unix/CMakeFiles/CMakeTmp

Run Build Command:/usr/bin/make "cmTryCompileExec/fast"
/usr/bin/make -f CMakeFiles/cmTryCompileExec.dir/build.make CMakeFiles/cmTryCompileExec.dir/build
make[1]: Entering directory `/mnt/data/code/iet/git/iet/physics/project/demo/bin/unix/CMakeFiles/CMakeTmp'
/usr/bin/cmake -E cmake_progress_report /mnt/data/code/iet/git/iet/physics/project/demo/bin/unix/CMakeFiles/CMakeTmp/CMakeFiles 1
Building C object CMakeFiles/cmTryCompileExec.dir/CheckFunctionExists.c.o
/usr/bin/gcc   -DCHECK_FUNCTION_EXISTS=XOpenDisplay   -o CMakeFiles/cmTryCompileExec.dir/CheckFunctionExists.c.o   -c /usr/share/cmake-2.8/Modules/CheckFunctionExists.c
Linking C executable cmTryCompileExec
/usr/bin/cmake -E cmake_link_script CMakeFiles/cmTryCompileExec.dir/link.txt --verbose=1
/usr/bin/gcc     -DCHECK_FUNCTION_EXISTS=XOpenDisplay   CMakeFiles/cmTryCompileExec.dir/CheckFunctionExists.c.o  -o cmTryCompileExec -rdynamic -lX11 -lXext 
make[1]: Leaving directory `/mnt/data/code/iet/git/iet/physics/project/demo/bin/unix/CMakeFiles/CMakeTmp'


Determining if the function gethostbyname exists passed with the following output:
Change Dir: /mnt/data/code/iet/git/iet/physics/project/demo/bin/unix/CMakeFiles/CMakeTmp

Run Build Command:/usr/bin/make "cmTryCompileExec/fast"
/usr/bin/make -f CMakeFiles/cmTryCompileExec.dir/build.make CMakeFiles/cmTryCompileExec.dir/build
make[1]: Entering directory `/mnt/data/code/iet/git/iet/physics/project/demo/bin/unix/CMakeFiles/CMakeTmp'
/usr/bin/cmake -E cmake_progress_report /mnt/data/code/iet/git/iet/physics/project/demo/bin/unix/CMakeFiles/CMakeTmp/CMakeFiles 1
Building C object CMakeFiles/cmTryCompileExec.dir/CheckFunctionExists.c.o
/usr/bin/gcc   -DCHECK_FUNCTION_EXISTS=gethostbyname   -o CMakeFiles/cmTryCompileExec.dir/CheckFunctionExists.c.o   -c /usr/share/cmake-2.8/Modules/CheckFunctionExists.c
Linking C executable cmTryCompileExec
/usr/bin/cmake -E cmake_link_script CMakeFiles/cmTryCompileExec.dir/link.txt --verbose=1
/usr/bin/gcc     -DCHECK_FUNCTION_EXISTS=gethostbyname   CMakeFiles/cmTryCompileExec.dir/CheckFunctionExists.c.o  -o cmTryCompileExec -rdynamic 
make[1]: Leaving directory `/mnt/data/code/iet/git/iet/physics/project/demo/bin/unix/CMakeFiles/CMakeTmp'


Determining if the function connect exists passed with the following output:
Change Dir: /mnt/data/code/iet/git/iet/physics/project/demo/bin/unix/CMakeFiles/CMakeTmp

Run Build Command:/usr/bin/make "cmTryCompileExec/fast"
/usr/bin/make -f CMakeFiles/cmTryCompileExec.dir/build.make CMakeFiles/cmTryCompileExec.dir/build
make[1]: Entering directory `/mnt/data/code/iet/git/iet/physics/project/demo/bin/unix/CMakeFiles/CMakeTmp'
/usr/bin/cmake -E cmake_progress_report /mnt/data/code/iet/git/iet/physics/project/demo/bin/unix/CMakeFiles/CMakeTmp/CMakeFiles 1
Building C object CMakeFiles/cmTryCompileExec.dir/CheckFunctionExists.c.o
/usr/bin/gcc   -DCHECK_FUNCTION_EXISTS=connect   -o CMakeFiles/cmTryCompileExec.dir/CheckFunctionExists.c.o   -c /usr/share/cmake-2.8/Modules/CheckFunctionExists.c
Linking C executable cmTryCompileExec
/usr/bin/cmake -E cmake_link_script CMakeFiles/cmTryCompileExec.dir/link.txt --verbose=1
/usr/bin/gcc     -DCHECK_FUNCTION_EXISTS=connect   CMakeFiles/cmTryCompileExec.dir/CheckFunctionExists.c.o  -o cmTryCompileExec -rdynamic 
make[1]: Leaving directory `/mnt/data/code/iet/git/iet/physics/project/demo/bin/unix/CMakeFiles/CMakeTmp'


Determining if the function remove exists passed with the following output:
Change Dir: /mnt/data/code/iet/git/iet/physics/project/demo/bin/unix/CMakeFiles/CMakeTmp

Run Build Command:/usr/bin/make "cmTryCompileExec/fast"
/usr/bin/make -f CMakeFiles/cmTryCompileExec.dir/build.make CMakeFiles/cmTryCompileExec.dir/build
make[1]: Entering directory `/mnt/data/code/iet/git/iet/physics/project/demo/bin/unix/CMakeFiles/CMakeTmp'
/usr/bin/cmake -E cmake_progress_report /mnt/data/code/iet/git/iet/physics/project/demo/bin/unix/CMakeFiles/CMakeTmp/CMakeFiles 1
Building C object CMakeFiles/cmTryCompileExec.dir/CheckFunctionExists.c.o
/usr/bin/gcc   -DCHECK_FUNCTION_EXISTS=remove   -o CMakeFiles/cmTryCompileExec.dir/CheckFunctionExists.c.o   -c /usr/share/cmake-2.8/Modules/CheckFunctionExists.c
Linking C executable cmTryCompileExec
/usr/bin/cmake -E cmake_link_script CMakeFiles/cmTryCompileExec.dir/link.txt --verbose=1
/usr/bin/gcc     -DCHECK_FUNCTION_EXISTS=remove   CMakeFiles/cmTryCompileExec.dir/CheckFunctionExists.c.o  -o cmTryCompileExec -rdynamic 
make[1]: Leaving directory `/mnt/data/code/iet/git/iet/physics/project/demo/bin/unix/CMakeFiles/CMakeTmp'


Determining if the function shmat exists passed with the following output:
Change Dir: /mnt/data/code/iet/git/iet/physics/project/demo/bin/unix/CMakeFiles/CMakeTmp

Run Build Command:/usr/bin/make "cmTryCompileExec/fast"
/usr/bin/make -f CMakeFiles/cmTryCompileExec.dir/build.make CMakeFiles/cmTryCompileExec.dir/build
make[1]: Entering directory `/mnt/data/code/iet/git/iet/physics/project/demo/bin/unix/CMakeFiles/CMakeTmp'
/usr/bin/cmake -E cmake_progress_report /mnt/data/code/iet/git/iet/physics/project/demo/bin/unix/CMakeFiles/CMakeTmp/CMakeFiles 1
Building C object CMakeFiles/cmTryCompileExec.dir/CheckFunctionExists.c.o
/usr/bin/gcc   -DCHECK_FUNCTION_EXISTS=shmat   -o CMakeFiles/cmTryCompileExec.dir/CheckFunctionExists.c.o   -c /usr/share/cmake-2.8/Modules/CheckFunctionExists.c
Linking C executable cmTryCompileExec
/usr/bin/cmake -E cmake_link_script CMakeFiles/cmTryCompileExec.dir/link.txt --verbose=1
/usr/bin/gcc     -DCHECK_FUNCTION_EXISTS=shmat   CMakeFiles/cmTryCompileExec.dir/CheckFunctionExists.c.o  -o cmTryCompileExec -rdynamic 
make[1]: Leaving directory `/mnt/data/code/iet/git/iet/physics/project/demo/bin/unix/CMakeFiles/CMakeTmp'


Determining if the function IceConnectionNumber exists in the ICE passed with the following output:
Change Dir: /mnt/data/code/iet/git/iet/physics/project/demo/bin/unix/CMakeFiles/CMakeTmp

Run Build Command:/usr/bin/make "cmTryCompileExec/fast"
/usr/bin/make -f CMakeFiles/cmTryCompileExec.dir/build.make CMakeFiles/cmTryCompileExec.dir/build
make[1]: Entering directory `/mnt/data/code/iet/git/iet/physics/project/demo/bin/unix/CMakeFiles/CMakeTmp'
/usr/bin/cmake -E cmake_progress_report /mnt/data/code/iet/git/iet/physics/project/demo/bin/unix/CMakeFiles/CMakeTmp/CMakeFiles 1
Building C object CMakeFiles/cmTryCompileExec.dir/CheckFunctionExists.c.o
/usr/bin/gcc   -DCHECK_FUNCTION_EXISTS=IceConnectionNumber   -o CMakeFiles/cmTryCompileExec.dir/CheckFunctionExists.c.o   -c /usr/share/cmake-2.8/Modules/CheckFunctionExists.c
Linking C executable cmTryCompileExec
/usr/bin/cmake -E cmake_link_script CMakeFiles/cmTryCompileExec.dir/link.txt --verbose=1
/usr/bin/gcc     -DCHECK_FUNCTION_EXISTS=IceConnectionNumber   CMakeFiles/cmTryCompileExec.dir/CheckFunctionExists.c.o  -o cmTryCompileExec -rdynamic -lICE 
make[1]: Leaving directory `/mnt/data/code/iet/git/iet/physics/project/demo/bin/unix/CMakeFiles/CMakeTmp'


